<?xml version="1.0" encoding="UTF-8"?>
<!-- Generated by org.testng.reporters.JUnitXMLReporter -->
<testsuite ignored="1" hostname="LAPTOP-2EFVOM3E" failures="1" tests="2" name="Test" time="111.178" errors="0" timestamp="2024-08-12T22:32:34 IST">
  <testcase classname="testCases.TC_002_LoginTest" name="loginTest" time="37.311">
    <failure type="java.lang.AssertionError" message="expected [true] but found [false]">
      <![CDATA[java.lang.AssertionError: expected [true] but found [false]
at testCases.TC_002_LoginTest.loginTest(TC_002_LoginTest.java:28)
at java.base/java.util.ArrayList.forEach(ArrayList.java:1511)
... Removed 31 stack frames]]>
    </failure>
  </testcase> <!-- loginTest -->
  <testcase classname="testCases.TC_001_AccountregistrationTest" name="Verify_accountRegistrationTest" time="7.939"/>
  <testcase classname="testCases.TC_003_LoginTestDDT" name="DataDrivenloginTest" time="0.0">
    <ignored/>
  </testcase> <!-- DataDrivenloginTest -->
</testsuite> <!-- Test -->
